# JRE version: OpenJDK Runtime Environment (8.0_382-b05) (build 1.8.0_382-b05)
# Java VM: OpenJDK 64-Bit Server VM (25.382-b05 mixed mode linux-amd64 compressed oops)
Heap:
 PSYoungGen      total 1242112K, used 390241K [0x000000076ab00000, 0x00000007c0000000, 0x00000007c0000000)
  eden space 1101312K, 27% used [0x000000076ab00000,0x000000077d543f50,0x00000007ade80000)
  from space 140800K, 60% used [0x00000007ade80000,0x00000007b31544d8,0x00000007b6800000)
  to   space 143360K, 0% used [0x00000007b7400000,0x00000007b7400000,0x00000007c0000000)
 ParOldGen       total 660992K, used 416235K [0x00000006c0000000, 0x00000006e8580000, 0x000000076ab00000)
  object space 660992K, 62% used [0x00000006c0000000,0x00000006d967ad20,0x00000006e8580000)
 Metaspace       used 75458K, capacity 77039K, committed 77272K, reserved 1116160K
  class space    used 9274K, capacity 9645K, committed 9728K, reserved 1048576K
GC Heap History (10 events):
Event: 31.115 GC heap before
{Heap before GC invocations=16 (full 3):
 PSYoungGen      total 1243648K, used 1121209K [0x000000076ab00000, 0x00000007c0000000, 0x00000007c0000000)
  eden space 1084416K, 100% used [0x000000076ab00000,0x00000007ace00000,0x00000007ace00000)
  from space 159232K, 23% used [0x00000007b6480000,0x00000007b886e6c8,0x00000007c0000000)
  to   space 154112K, 0% used [0x00000007ace00000,0x00000007ace00000,0x00000007b6480000)
 ParOldGen       total 660992K, used 272812K [0x00000006c0000000, 0x00000006e8580000, 0x000000076ab00000)
  object space 660992K, 41% used [0x00000006c0000000,0x00000006d0a6b060,0x00000006e8580000)
 Metaspace       used 64645K, capacity 65919K, committed 66264K, reserved 1107968K
  class space    used 7825K, capacity 8143K, committed 8192K, reserved 1048576K
Event: 31.174 GC heap after
Heap after GC invocations=16 (full 3):
 PSYoungGen      total 1120256K, used 35783K [0x000000076ab00000, 0x00000007bf000000, 0x00000007c0000000)
  eden space 1084416K, 0% used [0x000000076ab00000,0x000000076ab00000,0x00000007ace00000)
  from space 35840K, 99% used [0x00000007ace00000,0x00000007af0f1f20,0x00000007af100000)
  to   space 148480K, 0% used [0x00000007b5f00000,0x00000007b5f00000,0x00000007bf000000)
 ParOldGen       total 660992K, used 300528K [0x00000006c0000000, 0x00000006e8580000, 0x000000076ab00000)
  object space 660992K, 45% used [0x00000006c0000000,0x00000006d257c0f8,0x00000006e8580000)
 Metaspace       used 64645K, capacity 65919K, committed 66264K, reserved 1107968K
  class space    used 7825K, capacity 8143K, committed 8192K, reserved 1048576K
}
Event: 33.647 GC heap before
{Heap before GC invocations=17 (full 3):
 PSYoungGen      total 1120256K, used 1120199K [0x000000076ab00000, 0x00000007bf000000, 0x00000007c0000000)
  eden space 1084416K, 100% used [0x000000076ab00000,0x00000007ace00000,0x00000007ace00000)
  from space 35840K, 99% used [0x00000007ace00000,0x00000007af0f1f20,0x00000007af100000)
  to   space 148480K, 0% used [0x00000007b5f00000,0x00000007b5f00000,0x00000007bf000000)
 ParOldGen       total 660992K, used 300528K [0x00000006c0000000, 0x00000006e8580000, 0x000000076ab00000)
  object space 660992K, 45% used [0x00000006c0000000,0x00000006d257c0f8,0x00000006e8580000)
 Metaspace       used 70136K, capacity 71639K, committed 71896K, reserved 1112064K
  class space    used 8591K, capacity 8935K, committed 8960K, reserved 1048576K
Event: 33.711 GC heap after
Heap after GC invocations=17 (full 3):
 PSYoungGen      total 1231360K, used 85878K [0x000000076ab00000, 0x00000007c0000000, 0x00000007c0000000)
  eden space 1082880K, 0% used [0x000000076ab00000,0x000000076ab00000,0x00000007acc80000)
  from space 148480K, 57% used [0x00000007b5f00000,0x00000007bb2ddae8,0x00000007bf000000)
  to   space 150016K, 0% used [0x00000007acc80000,0x00000007acc80000,0x00000007b5f00000)
 ParOldGen       total 660992K, used 314789K [0x00000006c0000000, 0x00000006e8580000, 0x000000076ab00000)
  object space 660992K, 47% used [0x00000006c0000000,0x00000006d3369508,0x00000006e8580000)
 Metaspace       used 70136K, capacity 71639K, committed 71896K, reserved 1112064K
  class space    used 8591K, capacity 8935K, committed 8960K, reserved 1048576K
}
Event: 35.909 GC heap before
{Heap before GC invocations=18 (full 3):
 PSYoungGen      total 1231360K, used 1168758K [0x000000076ab00000, 0x00000007c0000000, 0x00000007c0000000)
  eden space 1082880K, 100% used [0x000000076ab00000,0x00000007acc80000,0x00000007acc80000)
  from space 148480K, 57% used [0x00000007b5f00000,0x00000007bb2ddae8,0x00000007bf000000)
  to   space 150016K, 0% used [0x00000007acc80000,0x00000007acc80000,0x00000007b5f00000)
 ParOldGen       total 660992K, used 314789K [0x00000006c0000000, 0x00000006e8580000, 0x000000076ab00000)
  object space 660992K, 47% used [0x00000006c0000000,0x00000006d3369508,0x00000006e8580000)
 Metaspace       used 74834K, capacity 76419K, committed 76760K, reserved 1116160K
  class space    used 9228K, capacity 9611K, committed 9728K, reserved 1048576K
Event: 35.960 GC heap after
Heap after GC invocations=18 (full 3):
 PSYoungGen      total 1232896K, used 29621K [0x000000076ab00000, 0x00000007bfa80000, 0x00000007c0000000)
  eden space 1082880K, 0% used [0x000000076ab00000,0x000000076ab00000,0x00000007acc80000)
  from space 150016K, 19% used [0x00000007acc80000,0x00000007ae96d5c8,0x00000007b5f00000)
  to   space 146432K, 0% used [0x00000007b6b80000,0x00000007b6b80000,0x00000007bfa80000)
 ParOldGen       total 660992K, used 392642K [0x00000006c0000000, 0x00000006e8580000, 0x000000076ab00000)
  object space 660992K, 59% used [0x00000006c0000000,0x00000006d7f709f0,0x00000006e8580000)
 Metaspace       used 74834K, capacity 76419K, committed 76760K, reserved 1116160K
  class space    used 9228K, capacity 9611K, committed 9728K, reserved 1048576K
}
Event: 38.603 GC heap before
{Heap before GC invocations=19 (full 3):
 PSYoungGen      total 1232896K, used 1112501K [0x000000076ab00000, 0x00000007bfa80000, 0x00000007c0000000)
  eden space 1082880K, 100% used [0x000000076ab00000,0x00000007acc80000,0x00000007acc80000)
  from space 150016K, 19% used [0x00000007acc80000,0x00000007ae96d5c8,0x00000007b5f00000)
  to   space 146432K, 0% used [0x00000007b6b80000,0x00000007b6b80000,0x00000007bfa80000)
 ParOldGen       total 660992K, used 392642K [0x00000006c0000000, 0x00000006e8580000, 0x000000076ab00000)
  object space 660992K, 59% used [0x00000006c0000000,0x00000006d7f709f0,0x00000006e8580000)
 Metaspace       used 75108K, capacity 76681K, committed 77016K, reserved 1116160K
  class space    used 9239K, capacity 9612K, committed 9728K, reserved 1048576K
Event: 38.652 GC heap after
Heap after GC invocations=19 (full 3):
 PSYoungGen      total 1238528K, used 37605K [0x000000076ab00000, 0x00000007bf180000, 0x00000007c0000000)
  eden space 1101312K, 0% used [0x000000076ab00000,0x000000076ab00000,0x00000007ade80000)
  from space 137216K, 27% used [0x00000007b6b80000,0x00000007b9039430,0x00000007bf180000)
  to   space 140800K, 0% used [0x00000007ade80000,0x00000007ade80000,0x00000007b6800000)
 ParOldGen       total 660992K, used 416227K [0x00000006c0000000, 0x00000006e8580000, 0x000000076ab00000)
  object space 660992K, 62% used [0x00000006c0000000,0x00000006d9678d20,0x00000006e8580000)
 Metaspace       used 75108K, capacity 76681K, committed 77016K, reserved 1116160K
  class space    used 9239K, capacity 9612K, committed 9728K, reserved 1048576K
}
Event: 40.859 GC heap before
{Heap before GC invocations=20 (full 3):
 PSYoungGen      total 1238528K, used 1138917K [0x000000076ab00000, 0x00000007bf180000, 0x00000007c0000000)
  eden space 1101312K, 100% used [0x000000076ab00000,0x00000007ade80000,0x00000007ade80000)
  from space 137216K, 27% used [0x00000007b6b80000,0x00000007b9039430,0x00000007bf180000)
  to   space 140800K, 0% used [0x00000007ade80000,0x00000007ade80000,0x00000007b6800000)
 ParOldGen       total 660992K, used 416227K [0x00000006c0000000, 0x00000006e8580000, 0x000000076ab00000)
  object space 660992K, 62% used [0x00000006c0000000,0x00000006d9678d20,0x00000006e8580000)
 Metaspace       used 75124K, capacity 76681K, committed 77016K, reserved 1116160K
  class space    used 9239K, capacity 9612K, committed 9728K, reserved 1048576K
Event: 40.909 GC heap after
Heap after GC invocations=20 (full 3):
 PSYoungGen      total 1242112K, used 84817K [0x000000076ab00000, 0x00000007c0000000, 0x00000007c0000000)
  eden space 1101312K, 0% used [0x000000076ab00000,0x000000076ab00000,0x00000007ade80000)
  from space 140800K, 60% used [0x00000007ade80000,0x00000007b31544d8,0x00000007b6800000)
  to   space 143360K, 0% used [0x00000007b7400000,0x00000007b7400000,0x00000007c0000000)
 ParOldGen       total 660992K, used 416235K [0x00000006c0000000, 0x00000006e8580000, 0x000000076ab00000)
  object space 660992K, 62% used [0x00000006c0000000,0x00000006d967ad20,0x00000006e8580000)
 Metaspace       used 75124K, capacity 76681K, committed 77016K, reserved 1116160K
  class space    used 9239K, capacity 9612K, committed 9728K, reserved 1048576K
}

